# JRE version: OpenJDK Runtime Environment (8.0_152-b01) (build 1.8.0_152-release-915-b01)
# Java VM: OpenJDK 64-Bit Server VM (25.152-b01 mixed mode windows-amd64 compressed oops)
Heap:
 PSYoungGen      total 488960K, used 81105K [0x00000000e0000000, 0x00000000ffc80000, 0x0000000100000000)
  eden space 460288K, 16% used [0x00000000e0000000,0x00000000e48e4e80,0x00000000fc180000)
  from space 28672K, 22% used [0x00000000fc180000,0x00000000fc7cf720,0x00000000fdd80000)
  to   space 27648K, 0% used [0x00000000fe180000,0x00000000fe180000,0x00000000ffc80000)
 ParOldGen       total 307200K, used 257752K [0x00000000a0000000, 0x00000000b2c00000, 0x00000000e0000000)
  object space 307200K, 83% used [0x00000000a0000000,0x00000000afbb6100,0x00000000b2c00000)
 Metaspace       used 131015K, capacity 147848K, committed 147968K, reserved 1177600K
  class space    used 16456K, capacity 20468K, committed 20480K, reserved 1048576K
GC Heap History (10 events):
Event: 40358.424 GC heap before
{Heap before GC invocations=135 (full 8):
 PSYoungGen      total 485888K, used 456004K [0x00000000e0000000, 0x0000000100000000, 0x0000000100000000)
  eden space 448512K, 99% used [0x00000000e0000000,0x00000000fb5cafc0,0x00000000fb600000)
  from space 37376K, 20% used [0x00000000fd880000,0x00000000fe0061a8,0x00000000ffd00000)
  to   space 35328K, 0% used [0x00000000fb600000,0x00000000fb600000,0x00000000fd880000)
 ParOldGen       total 307200K, used 257728K [0x00000000a0000000, 0x00000000b2c00000, 0x00000000e0000000)
  object space 307200K, 83% used [0x00000000a0000000,0x00000000afbb0100,0x00000000b2c00000)
 Metaspace       used 130355K, capacity 146506K, committed 146688K, reserved 1175552K
  class space    used 16351K, capacity 20117K, committed 20224K, reserved 1048576K
Event: 40358.546 GC heap after
Heap after GC invocations=135 (full 8):
 PSYoungGen      total 483840K, used 8484K [0x00000000e0000000, 0x00000000ffa00000, 0x0000000100000000)
  eden space 448512K, 0% used [0x00000000e0000000,0x00000000e0000000,0x00000000fb600000)
  from space 35328K, 24% used [0x00000000fb600000,0x00000000fbe490b0,0x00000000fd880000)
  to   space 33280K, 0% used [0x00000000fd980000,0x00000000fd980000,0x00000000ffa00000)
 ParOldGen       total 307200K, used 257728K [0x00000000a0000000, 0x00000000b2c00000, 0x00000000e0000000)
  object space 307200K, 83% used [0x00000000a0000000,0x00000000afbb0100,0x00000000b2c00000)
 Metaspace       used 130355K, capacity 146506K, committed 146688K, reserved 1175552K
  class space    used 16351K, capacity 20117K, committed 20224K, reserved 1048576K
}
Event: 41751.623 GC heap before
{Heap before GC invocations=136 (full 8):
 PSYoungGen      total 483840K, used 456996K [0x00000000e0000000, 0x00000000ffa00000, 0x0000000100000000)
  eden space 448512K, 100% used [0x00000000e0000000,0x00000000fb600000,0x00000000fb600000)
  from space 35328K, 24% used [0x00000000fb600000,0x00000000fbe490b0,0x00000000fd880000)
  to   space 33280K, 0% used [0x00000000fd980000,0x00000000fd980000,0x00000000ffa00000)
 ParOldGen       total 307200K, used 257728K [0x00000000a0000000, 0x00000000b2c00000, 0x00000000e0000000)
  object space 307200K, 83% used [0x00000000a0000000,0x00000000afbb0100,0x00000000b2c00000)
 Metaspace       used 130532K, capacity 146872K, committed 147072K, reserved 1175552K
  class space    used 16385K, capacity 20238K, committed 20352K, reserved 1048576K
Event: 41752.690 GC heap after
Heap after GC invocations=136 (full 8):
 PSYoungGen      total 485888K, used 3919K [0x00000000e0000000, 0x00000000ffc00000, 0x0000000100000000)
  eden space 452608K, 0% used [0x00000000e0000000,0x00000000e0000000,0x00000000fba00000)
  from space 33280K, 11% used [0x00000000fd980000,0x00000000fdd53fc8,0x00000000ffa00000)
  to   space 32256K, 0% used [0x00000000fba00000,0x00000000fba00000,0x00000000fd980000)
 ParOldGen       total 307200K, used 257736K [0x00000000a0000000, 0x00000000b2c00000, 0x00000000e0000000)
  object space 307200K, 83% used [0x00000000a0000000,0x00000000afbb2100,0x00000000b2c00000)
 Metaspace       used 130532K, capacity 146872K, committed 147072K, reserved 1175552K
  class space    used 16385K, capacity 20238K, committed 20352K, reserved 1048576K
}
Event: 41797.659 GC heap before
{Heap before GC invocations=137 (full 8):
 PSYoungGen      total 485888K, used 456274K [0x00000000e0000000, 0x00000000ffc00000, 0x0000000100000000)
  eden space 452608K, 99% used [0x00000000e0000000,0x00000000fb9c0c28,0x00000000fba00000)
  from space 33280K, 11% used [0x00000000fd980000,0x00000000fdd53fc8,0x00000000ffa00000)
  to   space 32256K, 0% used [0x00000000fba00000,0x00000000fba00000,0x00000000fd980000)
 ParOldGen       total 307200K, used 257736K [0x00000000a0000000, 0x00000000b2c00000, 0x00000000e0000000)
  object space 307200K, 83% used [0x00000000a0000000,0x00000000afbb2100,0x00000000b2c00000)
 Metaspace       used 130596K, capacity 147002K, committed 147328K, reserved 1175552K
  class space    used 16391K, capacity 20249K, committed 20352K, reserved 1048576K
Event: 41797.801 GC heap after
Heap after GC invocations=137 (full 8):
 PSYoungGen      total 484864K, used 9132K [0x00000000e0000000, 0x00000000ffb00000, 0x0000000100000000)
  eden space 452608K, 0% used [0x00000000e0000000,0x00000000e0000000,0x00000000fba00000)
  from space 32256K, 28% used [0x00000000fba00000,0x00000000fc2eb1a0,0x00000000fd980000)
  to   space 30208K, 0% used [0x00000000fdd80000,0x00000000fdd80000,0x00000000ffb00000)
 ParOldGen       total 307200K, used 257736K [0x00000000a0000000, 0x00000000b2c00000, 0x00000000e0000000)
  object space 307200K, 83% used [0x00000000a0000000,0x00000000afbb2100,0x00000000b2c00000)
 Metaspace       used 130596K, capacity 147002K, committed 147328K, reserved 1175552K
  class space    used 16391K, capacity 20249K, committed 20352K, reserved 1048576K
}
Event: 43375.635 GC heap before
{Heap before GC invocations=138 (full 8):
 PSYoungGen      total 484864K, used 461740K [0x00000000e0000000, 0x00000000ffb00000, 0x0000000100000000)
  eden space 452608K, 100% used [0x00000000e0000000,0x00000000fba00000,0x00000000fba00000)
  from space 32256K, 28% used [0x00000000fba00000,0x00000000fc2eb1a0,0x00000000fd980000)
  to   space 30208K, 0% used [0x00000000fdd80000,0x00000000fdd80000,0x00000000ffb00000)
 ParOldGen       total 307200K, used 257736K [0x00000000a0000000, 0x00000000b2c00000, 0x00000000e0000000)
  object space 307200K, 83% used [0x00000000a0000000,0x00000000afbb2100,0x00000000b2c00000)
 Metaspace       used 130765K, capacity 147426K, committed 147712K, reserved 1177600K
  class space    used 16424K, capacity 20369K, committed 20480K, reserved 1048576K
Event: 43376.271 GC heap after
Heap after GC invocations=138 (full 8):
 PSYoungGen      total 490496K, used 5159K [0x00000000e0000000, 0x00000000ffb00000, 0x0000000100000000)
  eden space 460288K, 0% used [0x00000000e0000000,0x00000000e0000000,0x00000000fc180000)
  from space 30208K, 17% used [0x00000000fdd80000,0x00000000fe289f88,0x00000000ffb00000)
  to   space 28672K, 0% used [0x00000000fc180000,0x00000000fc180000,0x00000000fdd80000)
 ParOldGen       total 307200K, used 257744K [0x00000000a0000000, 0x00000000b2c00000, 0x00000000e0000000)
  object space 307200K, 83% used [0x00000000a0000000,0x00000000afbb4100,0x00000000b2c00000)
 Metaspace       used 130765K, capacity 147426K, committed 147712K, reserved 1177600K
  class space    used 16424K, capacity 20369K, committed 20480K, reserved 1048576K
}
Event: 48407.230 GC heap before
{Heap before GC invocations=139 (full 8):
 PSYoungGen      total 490496K, used 465447K [0x00000000e0000000, 0x00000000ffb00000, 0x0000000100000000)
  eden space 460288K, 100% used [0x00000000e0000000,0x00000000fc180000,0x00000000fc180000)
  from space 30208K, 17% used [0x00000000fdd80000,0x00000000fe289f88,0x00000000ffb00000)
  to   space 28672K, 0% used [0x00000000fc180000,0x00000000fc180000,0x00000000fdd80000)
 ParOldGen       total 307200K, used 257744K [0x00000000a0000000, 0x00000000b2c00000, 0x00000000e0000000)
  object space 307200K, 83% used [0x00000000a0000000,0x00000000afbb4100,0x00000000b2c00000)
 Metaspace       used 130926K, capacity 147718K, committed 147968K, reserved 1177600K
  class space    used 16451K, capacity 20457K, committed 20480K, reserved 1048576K
Event: 48407.849 GC heap after
Heap after GC invocations=139 (full 8):
 PSYoungGen      total 488960K, used 6461K [0x00000000e0000000, 0x00000000ffc80000, 0x0000000100000000)
  eden space 460288K, 0% used [0x00000000e0000000,0x00000000e0000000,0x00000000fc180000)
  from space 28672K, 22% used [0x00000000fc180000,0x00000000fc7cf720,0x00000000fdd80000)
  to   space 27648K, 0% used [0x00000000fe180000,0x00000000fe180000,0x00000000ffc80000)
 ParOldGen       total 307200K, used 257752K [0x00000000a0000000, 0x00000000b2c00000, 0x00000000e0000000)
  object space 307200K, 83% used [0x00000000a0000000,0x00000000afbb6100,0x00000000b2c00000)
 Metaspace       used 130926K, capacity 147718K, committed 147968K, reserved 1177600K
  class space    used 16451K, capacity 20457K, committed 20480K, reserved 1048576K
}

